Start testing: Jun 22 19:58 EDT
----------------------------------------------------------
Unable to find executable: /matrix_tests
1/1 Testing: matrix_tests
1/1 Test: matrix_tests
Command: ""
Directory: /Users/colintaylortaylor/Documents/splineForOptions/build
"matrix_tests" start time: 
Output:
----------------------------------------------------------
<end of output>
Test time =   0.00 sec
----------------------------------------------------------
Test Passed.
"matrix_tests" end time: Jun 22 19:58 EDT
"matrix_tests" time elapsed: 00:00:00
----------------------------------------------------------

End testing: Jun 22 19:58 EDT
